This is XeTeX, Version 3.14159265-2.6-0.999991 (TeX Live 2019) (preloaded format=xelatex 2020.7.20)  20 JUL 2020 13:40
entering extended mode
 restricted \write18 enabled.
 %&-line parsing enabled.
**Regulacion.tex
(./Regulacion.tex
LaTeX2e <2018-12-01>
(/usr/share/texlive/texmf-dist/tex/latex/base/book.cls
Document Class: book 2018/09/03 v1.4i Standard LaTeX document class
(/usr/share/texlive/texmf-dist/tex/latex/base/bk12.clo
File: bk12.clo 2018/09/03 v1.4i Standard LaTeX file (size option)
)
\c@part=\count80
\c@chapter=\count81
\c@section=\count82
\c@subsection=\count83
\c@subsubsection=\count84
\c@paragraph=\count85
\c@subparagraph=\count86
\c@figure=\count87
\c@table=\count88
\abovecaptionskip=\skip41
\belowcaptionskip=\skip42
\bibindent=\dimen102
) (/usr/share/texlive/texmf-dist/tex/latex/lm/lmodern.sty
Package: lmodern 2009/10/30 v1.6 Latin Modern Fonts
LaTeX Font Info:    Overwriting symbol font `operators' in version `normal'
(Font)                  OT1/cmr/m/n --> OT1/lmr/m/n on input line 22.
LaTeX Font Info:    Overwriting symbol font `letters' in version `normal'
(Font)                  OML/cmm/m/it --> OML/lmm/m/it on input line 23.
LaTeX Font Info:    Overwriting symbol font `symbols' in version `normal'
(Font)                  OMS/cmsy/m/n --> OMS/lmsy/m/n on input line 24.
LaTeX Font Info:    Overwriting symbol font `largesymbols' in version `normal'
(Font)                  OMX/cmex/m/n --> OMX/lmex/m/n on input line 25.
LaTeX Font Info:    Overwriting symbol font `operators' in version `bold'
(Font)                  OT1/cmr/bx/n --> OT1/lmr/bx/n on input line 26.
LaTeX Font Info:    Overwriting symbol font `letters' in version `bold'
(Font)                  OML/cmm/b/it --> OML/lmm/b/it on input line 27.
LaTeX Font Info:    Overwriting symbol font `symbols' in version `bold'
(Font)                  OMS/cmsy/b/n --> OMS/lmsy/b/n on input line 28.
LaTeX Font Info:    Overwriting symbol font `largesymbols' in version `bold'
(Font)                  OMX/cmex/m/n --> OMX/lmex/m/n on input line 29.
LaTeX Font Info:    Overwriting math alphabet `\mathbf' in version `normal'
(Font)                  OT1/cmr/bx/n --> OT1/lmr/bx/n on input line 31.
LaTeX Font Info:    Overwriting math alphabet `\mathsf' in version `normal'
(Font)                  OT1/cmss/m/n --> OT1/lmss/m/n on input line 32.
LaTeX Font Info:    Overwriting math alphabet `\mathit' in version `normal'
(Font)                  OT1/cmr/m/it --> OT1/lmr/m/it on input line 33.
LaTeX Font Info:    Overwriting math alphabet `\mathtt' in version `normal'
(Font)                  OT1/cmtt/m/n --> OT1/lmtt/m/n on input line 34.
LaTeX Font Info:    Overwriting math alphabet `\mathbf' in version `bold'
(Font)                  OT1/cmr/bx/n --> OT1/lmr/bx/n on input line 35.
LaTeX Font Info:    Overwriting math alphabet `\mathsf' in version `bold'
(Font)                  OT1/cmss/bx/n --> OT1/lmss/bx/n on input line 36.
LaTeX Font Info:    Overwriting math alphabet `\mathit' in version `bold'
(Font)                  OT1/cmr/bx/it --> OT1/lmr/bx/it on input line 37.
LaTeX Font Info:    Overwriting math alphabet `\mathtt' in version `bold'
(Font)                  OT1/cmtt/m/n --> OT1/lmtt/m/n on input line 38.
) (/usr/share/texlive/texmf-dist/tex/latex/amsfonts/amssymb.sty
Package: amssymb 2013/01/14 v3.01 AMS font symbols
(/usr/share/texlive/texmf-dist/tex/latex/amsfonts/amsfonts.sty
Package: amsfonts 2013/01/14 v3.01 Basic AMSFonts support
\@emptytoks=\toks14
\symAMSa=\mathgroup4
\symAMSb=\mathgroup5
LaTeX Font Info:    Overwriting math alphabet `\mathfrak' in version `bold'
(Font)                  U/euf/m/n --> U/euf/b/n on input line 106.
)) (/usr/share/texlive/texmf-dist/tex/latex/amsmath/amsmath.sty
Package: amsmath 2018/12/01 v2.17b AMS math features
\@mathmargin=\skip43
For additional information on amsmath, use the `?' option.
(/usr/share/texlive/texmf-dist/tex/latex/amsmath/amstext.sty
Package: amstext 2000/06/29 v2.01 AMS text
(/usr/share/texlive/texmf-dist/tex/latex/amsmath/amsgen.sty
File: amsgen.sty 1999/11/30 v2.0 generic functions
\@emptytoks=\toks15
\ex@=\dimen103
)) (/usr/share/texlive/texmf-dist/tex/latex/amsmath/amsbsy.sty
Package: amsbsy 1999/11/29 v1.2d Bold Symbols
\pmbraise@=\dimen104
) (/usr/share/texlive/texmf-dist/tex/latex/amsmath/amsopn.sty
Package: amsopn 2016/03/08 v2.02 operator names
)
\inf@bad=\count89
LaTeX Info: Redefining \frac on input line 223.
\uproot@=\count90
\leftroot@=\count91
LaTeX Info: Redefining \overline on input line 385.
\classnum@=\count92
\DOTSCASE@=\count93
LaTeX Info: Redefining \ldots on input line 482.
LaTeX Info: Redefining \dots on input line 485.
LaTeX Info: Redefining \cdots on input line 606.
\Mathstrutbox@=\box27
\strutbox@=\box28
\big@size=\dimen105
LaTeX Font Info:    Redeclaring font encoding OML on input line 729.
LaTeX Font Info:    Redeclaring font encoding OMS on input line 730.
\macc@depth=\count94
\c@MaxMatrixCols=\count95
\dotsspace@=\muskip10
\c@parentequation=\count96
\dspbrk@lvl=\count97
\tag@help=\toks16
\row@=\count98
\column@=\count99
\maxfields@=\count100
\andhelp@=\toks17
\eqnshift@=\dimen106
\alignsep@=\dimen107
\tagshift@=\dimen108
\tagwidth@=\dimen109
\totwidth@=\dimen110
\lineht@=\dimen111
\@envbody=\toks18
\multlinegap=\skip44
\multlinetaggap=\skip45
\mathdisplay@stack=\toks19
LaTeX Info: Redefining \[ on input line 2844.
LaTeX Info: Redefining \] on input line 2845.
) (/usr/share/texlive/texmf-dist/tex/generic/ifxetex/ifxetex.sty
Package: ifxetex 2010/09/12 v0.6 Provides ifxetex conditional
) (/usr/share/texlive/texmf-dist/tex/generic/oberdiek/ifluatex.sty
Package: ifluatex 2016/05/16 v1.4 Provides the ifluatex switch (HO)
Package ifluatex Info: LuaTeX not detected.
) (/usr/share/texlive/texmf-dist/tex/latex/unicode-math/unicode-math.sty (/usr/
share/texlive/texmf-dist/tex/latex/l3kernel/expl3.sty
Package: expl3 2019-07-25 L3 programming layer (loader) 
(/usr/share/texlive/texmf-dist/tex/latex/l3kernel/expl3-code.tex
Package: expl3 2019-07-25 L3 programming layer (code)
\c_max_int=\count101
\l_tmpa_int=\count102
\l_tmpb_int=\count103
\g_tmpa_int=\count104
\g_tmpb_int=\count105
\g__kernel_prg_map_int=\count106
\c__ior_term_ior=\count107
\c_log_iow=\count108
\l_iow_line_count_int=\count109
\l__iow_line_target_int=\count110
\l__iow_one_indent_int=\count111
\l__iow_indent_int=\count112
\c_zero_dim=\dimen112
\c_max_dim=\dimen113
\l_tmpa_dim=\dimen114
\l_tmpb_dim=\dimen115
\g_tmpa_dim=\dimen116
\g_tmpb_dim=\dimen117
\c_zero_skip=\skip46
\c_max_skip=\skip47
\l_tmpa_skip=\skip48
\l_tmpb_skip=\skip49
\g_tmpa_skip=\skip50
\g_tmpb_skip=\skip51
\c_zero_muskip=\muskip11
\c_max_muskip=\muskip12
\l_tmpa_muskip=\muskip13
\l_tmpb_muskip=\muskip14
\g_tmpa_muskip=\muskip15
\g_tmpb_muskip=\muskip16
\l_keys_choice_int=\count113
\l__intarray_loop_int=\count114
\c__intarray_sp_dim=\dimen118
\g__intarray_font_int=\count115
\c__fp_leading_shift_int=\count116
\c__fp_middle_shift_int=\count117
\c__fp_trailing_shift_int=\count118
\c__fp_big_leading_shift_int=\count119
\c__fp_big_middle_shift_int=\count120
\c__fp_big_trailing_shift_int=\count121
\c__fp_Bigg_leading_shift_int=\count122
\c__fp_Bigg_middle_shift_int=\count123
\c__fp_Bigg_trailing_shift_int=\count124
\g__fp_array_int=\count125
\l__fp_array_loop_int=\count126
\l__sort_length_int=\count127
\l__sort_min_int=\count128
\l__sort_top_int=\count129
\l__sort_max_int=\count130
\l__sort_true_max_int=\count131
\l__sort_block_int=\count132
\l__sort_begin_int=\count133
\l__sort_end_int=\count134
\l__sort_A_int=\count135
\l__sort_B_int=\count136
\l__sort_C_int=\count137
\l__str_internal_int=\count138
\l__tl_analysis_normal_int=\count139
\l__tl_analysis_index_int=\count140
\l__tl_analysis_nesting_int=\count141
\l__tl_analysis_type_int=\count142
\l__regex_internal_a_int=\count143
\l__regex_internal_b_int=\count144
\l__regex_internal_c_int=\count145
\l__regex_balance_int=\count146
\l__regex_group_level_int=\count147
\l__regex_mode_int=\count148
\c__regex_cs_in_class_mode_int=\count149
\c__regex_cs_mode_int=\count150
\l__regex_catcodes_int=\count151
\l__regex_default_catcodes_int=\count152
\c__regex_catcode_L_int=\count153
\c__regex_catcode_O_int=\count154
\c__regex_catcode_A_int=\count155
\c__regex_all_catcodes_int=\count156
\l__regex_show_lines_int=\count157
\l__regex_min_state_int=\count158
\l__regex_max_state_int=\count159
\l__regex_left_state_int=\count160
\l__regex_right_state_int=\count161
\l__regex_capturing_group_int=\count162
\l__regex_min_pos_int=\count163
\l__regex_max_pos_int=\count164
\l__regex_curr_pos_int=\count165
\l__regex_start_pos_int=\count166
\l__regex_success_pos_int=\count167
\l__regex_curr_char_int=\count168
\l__regex_curr_catcode_int=\count169
\l__regex_last_char_int=\count170
\l__regex_case_changed_char_int=\count171
\l__regex_curr_state_int=\count172
\l__regex_step_int=\count173
\l__regex_min_active_int=\count174
\l__regex_max_active_int=\count175
\l__regex_replacement_csnames_int=\count176
\l__regex_match_count_int=\count177
\l__regex_min_submatch_int=\count178
\l__regex_submatch_int=\count179
\l__regex_zeroth_submatch_int=\count180
\g__regex_trace_regex_int=\count181
\c_empty_box=\box29
\l_tmpa_box=\box30
\l_tmpb_box=\box31
\g_tmpa_box=\box32
\g_tmpb_box=\box33
\l__box_top_dim=\dimen119
\l__box_bottom_dim=\dimen120
\l__box_left_dim=\dimen121
\l__box_right_dim=\dimen122
\l__box_top_new_dim=\dimen123
\l__box_bottom_new_dim=\dimen124
\l__box_left_new_dim=\dimen125
\l__box_right_new_dim=\dimen126
\l__box_internal_box=\box34
\l__coffin_internal_box=\box35
\l__coffin_internal_dim=\dimen127
\l__coffin_offset_x_dim=\dimen128
\l__coffin_offset_y_dim=\dimen129
\l__coffin_x_dim=\dimen130
\l__coffin_y_dim=\dimen131
\l__coffin_x_prime_dim=\dimen132
\l__coffin_y_prime_dim=\dimen133
\c_empty_coffin=\box36
\l__coffin_aligned_coffin=\box37
\l__coffin_aligned_internal_coffin=\box38
\l_tmpa_coffin=\box39
\l_tmpb_coffin=\box40
\g_tmpa_coffin=\box41
\g_tmpb_coffin=\box42
\l__coffin_bounding_shift_dim=\dimen134
\l__coffin_left_corner_dim=\dimen135
\l__coffin_right_corner_dim=\dimen136
\l__coffin_bottom_corner_dim=\dimen137
\l__coffin_top_corner_dim=\dimen138
\l__coffin_scaled_total_height_dim=\dimen139
\l__coffin_scaled_width_dim=\dimen140
\c__coffin_empty_coffin=\box43
\l__coffin_display_coffin=\box44
\l__coffin_display_coord_coffin=\box45
\l__coffin_display_pole_coffin=\box46
\l__coffin_display_offset_dim=\dimen141
\l__coffin_display_x_dim=\dimen142
\l__coffin_display_y_dim=\dimen143
\g__file_internal_ior=\read1
\l__seq_internal_a_int=\count182
\l__seq_internal_b_int=\count183
) (/usr/share/texlive/texmf-dist/tex/latex/l3backend/l3backend-xdvipdfmx.def
File: l3backend-xdvipdfmx.def 2019-04-06 v L3 backend support: xdvipdfmx
\g__graphics_track_int=\count184
\l__pdf_internal_box=\box47
\g__pdf_backend_object_int=\count185
\g__pdf_backend_annotation_int=\count186
))
Package: unicode-math 2019/03/04 v0.8o Unicode maths in XeLaTeX and LuaLaTeX
(/usr/share/texlive/texmf-dist/tex/latex/unicode-math/unicode-math-xetex.sty
Package: unicode-math-xetex 2019/03/04 v0.8o Unicode maths in XeLaTeX and LuaLa
TeX
(/usr/share/texlive/texmf-dist/tex/latex/l3packages/xparse/xparse.sty
Package: xparse 2019-05-28 L3 Experimental document command parser
\l__xparse_current_arg_int=\count187
\g__xparse_grabber_int=\count188
\l__xparse_m_args_int=\count189
\l__xparse_v_nesting_int=\count190
) (/usr/share/texlive/texmf-dist/tex/latex/l3packages/l3keys2e/l3keys2e.sty
Package: l3keys2e 2019-05-28 LaTeX2e option processing using LaTeX3 keys
) (/usr/share/texlive/texmf-dist/tex/latex/fontspec/fontspec.sty
Package: fontspec 2019/03/15 v2.7c Font selection for XeLaTeX and LuaLaTeX
(/usr/share/texlive/texmf-dist/tex/latex/fontspec/fontspec-xetex.sty
Package: fontspec-xetex 2019/03/15 v2.7c Font selection for XeLaTeX and LuaLaTe
X
\l__fontspec_script_int=\count191
\l__fontspec_language_int=\count192
\l__fontspec_strnum_int=\count193
\l__fontspec_tmp_int=\count194
\l__fontspec_tmpa_int=\count195
\l__fontspec_tmpb_int=\count196
\l__fontspec_tmpc_int=\count197
\l__fontspec_em_int=\count198
\l__fontspec_emdef_int=\count199
\l__fontspec_strong_int=\count266
\l__fontspec_strongdef_int=\count267
\l__fontspec_tmpa_dim=\dimen144
\l__fontspec_tmpb_dim=\dimen145
\l__fontspec_tmpc_dim=\dimen146
(/usr/share/texlive/texmf-dist/tex/latex/base/fontenc.sty
Package: fontenc 2018/08/11 v2.0j Standard LaTeX package
(/usr/share/texlive/texmf-dist/tex/latex/base/tuenc.def
File: tuenc.def 2018/08/11 v2.0j Standard LaTeX file
LaTeX Font Info:    Redeclaring font encoding TU on input line 82.
)) (/usr/share/texlive/texmf-dist/tex/latex/fontspec/fontspec.cfg)
LaTeX Info: Redefining \itshape on input line 4051.
LaTeX Info: Redefining \slshape on input line 4056.
LaTeX Info: Redefining \scshape on input line 4061.
LaTeX Info: Redefining \upshape on input line 4066.
LaTeX Info: Redefining \em on input line 4096.
LaTeX Info: Redefining \emph on input line 4121.
)) (/usr/share/texlive/texmf-dist/tex/latex/filehook/filehook.sty
Package: filehook 2011/10/12 v0.5d Hooks for input files
) (/usr/share/texlive/texmf-dist/tex/latex/base/fix-cm.sty
Package: fix-cm 2015/01/14 v1.1t fixes to LaTeX
(/usr/share/texlive/texmf-dist/tex/latex/base/ts1enc.def
File: ts1enc.def 2001/06/05 v3.0e (jk/car/fm) Standard LaTeX file
))
\g__um_fam_int=\count268
\g__um_fonts_used_int=\count269
\l__um_primecount_int=\count270
\g__um_primekern_muskip=\muskip17
(/usr/share/texlive/texmf-dist/tex/latex/unicode-math/unicode-math-table.tex)

Package unicode-math Info: I'm going to patch macro \subarray.


Package unicode-math Info: I'm going to patch macro \r@@t.

)) (/usr/share/texlive/texmf-dist/tex/latex/microtype/microtype.sty
Package: microtype 2019/02/28 v2.7b Micro-typographical refinements (RS)
(/usr/share/texlive/texmf-dist/tex/latex/graphics/keyval.sty
Package: keyval 2014/10/28 v1.15 key=value parser (DPC)
\KV@toks@=\toks20
)
\MT@toks=\toks21
\MT@count=\count271
LaTeX Info: Redefining \textls on input line 790.
\MT@outer@kern=\dimen147
LaTeX Info: Redefining \textmicrotypecontext on input line 1336.
\MT@listname@count=\count272
(/usr/share/texlive/texmf-dist/tex/latex/microtype/microtype-xetex.def
File: microtype-xetex.def 2019/02/28 v2.7b Definitions specific to xetex (RS)
LaTeX Info: Redefining \lsstyle on input line 258.
)
Package microtype Info: Loading configuration file microtype.cfg.
(/usr/share/texlive/texmf-dist/tex/latex/microtype/microtype.cfg
File: microtype.cfg 2019/02/28 v2.7b microtype main configuration file (RS)
)) (/usr/share/texlive/texmf-dist/tex/latex/parskip/parskip.sty
Package: parskip 2019-01-16 v2.0c non-zero parskip adjustments
(/usr/share/texlive/texmf-dist/tex/latex/oberdiek/kvoptions.sty
Package: kvoptions 2016/05/16 v3.12 Key value format for package options (HO)
(/usr/share/texlive/texmf-dist/tex/generic/oberdiek/ltxcmds.sty
Package: ltxcmds 2016/05/16 v1.23 LaTeX kernel commands for general use (HO)
) (/usr/share/texlive/texmf-dist/tex/generic/oberdiek/kvsetkeys.sty
Package: kvsetkeys 2016/05/16 v1.17 Key value parser (HO)
(/usr/share/texlive/texmf-dist/tex/generic/oberdiek/infwarerr.sty
Package: infwarerr 2016/05/16 v1.4 Providing info/warning/error messages (HO)
) (/usr/share/texlive/texmf-dist/tex/generic/oberdiek/etexcmds.sty
Package: etexcmds 2016/05/16 v1.6 Avoid name clashes with e-TeX commands (HO)
))) (/usr/share/texlive/texmf-dist/tex/latex/etoolbox/etoolbox.sty
Package: etoolbox 2018/08/19 v2.5f e-TeX tools for LaTeX (JAW)
\etb@tempcnta=\count273
)) (/usr/share/texlive/texmf-dist/tex/latex/xcolor/xcolor.sty
Package: xcolor 2016/05/11 v2.12 LaTeX color extensions (UK)
(/usr/share/texlive/texmf-dist/tex/latex/graphics-cfg/color.cfg
File: color.cfg 2016/01/02 v1.6 sample color configuration
)
Package xcolor Info: Driver file: xetex.def on input line 225.
(/usr/share/texlive/texmf-dist/tex/latex/graphics-def/xetex.def
File: xetex.def 2017/06/24 v5.0h Graphics/color driver for xetex
)
Package xcolor Info: Model `cmy' substituted by `cmy0' on input line 1348.
Package xcolor Info: Model `RGB' extended on input line 1364.
Package xcolor Info: Model `HTML' substituted by `rgb' on input line 1366.
Package xcolor Info: Model `Hsb' substituted by `hsb' on input line 1367.
Package xcolor Info: Model `tHsb' substituted by `hsb' on input line 1368.
Package xcolor Info: Model `HSB' substituted by `hsb' on input line 1369.
Package xcolor Info: Model `Gray' substituted by `gray' on input line 1370.
Package xcolor Info: Model `wave' substituted by `hsb' on input line 1371.
) (/usr/share/texlive/texmf-dist/tex/latex/oberdiek/bookmark.sty
Package: bookmark 2016/05/17 v1.26 PDF bookmarks (HO)
(/usr/share/texlive/texmf-dist/tex/generic/oberdiek/pdfescape.sty
Package: pdfescape 2016/05/16 v1.14 Implements pdfTeX's escape features (HO)
(/usr/share/texlive/texmf-dist/tex/generic/oberdiek/pdftexcmds.sty
Package: pdftexcmds 2018/09/10 v0.29 Utility functions of pdfTeX for LuaTeX (HO
)
(/usr/share/texlive/texmf-dist/tex/generic/oberdiek/ifpdf.sty
Package: ifpdf 2018/09/07 v3.3 Provides the ifpdf switch
)
Package pdftexcmds Info: LuaTeX not detected.
Package pdftexcmds Info: pdfTeX >= 1.30 not detected.
Package pdftexcmds Info: \pdf@primitive is available.
Package pdftexcmds Info: \pdf@ifprimitive is available.
Package pdftexcmds Info: \pdfdraftmode not found.
)) (/usr/share/texlive/texmf-dist/tex/generic/oberdiek/ifvtex.sty
Package: ifvtex 2016/05/16 v1.6 Detect VTeX and its facilities (HO)
Package ifvtex Info: VTeX not detected.
) (/usr/share/texlive/texmf-dist/tex/latex/hyperref/hyperref.sty
Package: hyperref 2019/06/12 v6.88h Hypertext links for LaTeX
(/usr/share/texlive/texmf-dist/tex/generic/oberdiek/hobsub-hyperref.sty
Package: hobsub-hyperref 2016/05/16 v1.14 Bundle oberdiek, subset hyperref (HO)

(/usr/share/texlive/texmf-dist/tex/generic/oberdiek/hobsub-generic.sty
Package: hobsub-generic 2016/05/16 v1.14 Bundle oberdiek, subset generic (HO)
Package: hobsub 2016/05/16 v1.14 Construct package bundles (HO)
Package hobsub Info: Skipping package `infwarerr' (already loaded).
Package hobsub Info: Skipping package `ltxcmds' (already loaded).
Package hobsub Info: Skipping package `ifluatex' (already loaded).
Package hobsub Info: Skipping package `ifvtex' (already loaded).
Package: intcalc 2016/05/16 v1.2 Expandable calculations with integers (HO)
Package hobsub Info: Skipping package `ifpdf' (already loaded).
Package hobsub Info: Skipping package `etexcmds' (already loaded).
Package hobsub Info: Skipping package `kvsetkeys' (already loaded).
Package: kvdefinekeys 2016/05/16 v1.4 Define keys (HO)
Package hobsub Info: Skipping package `pdftexcmds' (already loaded).
Package hobsub Info: Skipping package `pdfescape' (already loaded).
Package: bigintcalc 2016/05/16 v1.4 Expandable calculations on big integers (HO
)
Package: bitset 2016/05/16 v1.2 Handle bit-vector datatype (HO)
Package: uniquecounter 2016/05/16 v1.3 Provide unlimited unique counter (HO)
)
Package hobsub Info: Skipping package `hobsub' (already loaded).
Package: letltxmacro 2016/05/16 v1.5 Let assignment for LaTeX macros (HO)
Package: hopatch 2016/05/16 v1.3 Wrapper for package hooks (HO)
Package: xcolor-patch 2016/05/16 xcolor patch
Package: atveryend 2016/05/16 v1.9 Hooks at the very end of document (HO)
Package: atbegshi 2016/06/09 v1.18 At begin shipout hook (HO)
Package: refcount 2016/05/16 v3.5 Data extraction from label references (HO)
Package: hycolor 2016/05/16 v1.8 Color options for hyperref/bookmark (HO)
) (/usr/share/texlive/texmf-dist/tex/latex/oberdiek/auxhook.sty
Package: auxhook 2016/05/16 v1.4 Hooks for auxiliary files (HO)
)
\@linkdim=\dimen148
\Hy@linkcounter=\count274
\Hy@pagecounter=\count275
(/usr/share/texlive/texmf-dist/tex/latex/hyperref/pd1enc.def
File: pd1enc.def 2019/06/12 v6.88h Hyperref: PDFDocEncoding definition (HO)
)
\Hy@SavedSpaceFactor=\count276
(/usr/share/texlive/texmf-dist/tex/latex/latexconfig/hyperref.cfg
File: hyperref.cfg 2002/06/06 v1.2 hyperref configuration of TeXLive
)
Package hyperref Info: Option `unicode' set `true' on input line 4424.
(/usr/share/texlive/texmf-dist/tex/latex/hyperref/puenc.def
File: puenc.def 2019/06/12 v6.88h Hyperref: PDF Unicode definition (HO)
)
Package hyperref Info: Hyper figures OFF on input line 4550.
Package hyperref Info: Link nesting OFF on input line 4555.
Package hyperref Info: Hyper index ON on input line 4558.
Package hyperref Info: Plain pages OFF on input line 4565.
Package hyperref Info: Backreferencing OFF on input line 4570.
Package hyperref Info: Implicit mode ON; LaTeX internals redefined.
Package hyperref Info: Bookmarks ON on input line 4803.
\c@Hy@tempcnt=\count277
(/usr/share/texlive/texmf-dist/tex/latex/url/url.sty
\Urlmuskip=\muskip18
Package: url 2013/09/16  ver 3.4  Verb mode for urls, etc.
)
LaTeX Info: Redefining \url on input line 5156.
\XeTeXLinkMargin=\dimen149
\Fld@menulength=\count278
\Field@Width=\dimen150
\Fld@charsize=\dimen151
Package hyperref Info: Hyper figures OFF on input line 6411.
Package hyperref Info: Link nesting OFF on input line 6416.
Package hyperref Info: Hyper index ON on input line 6419.
Package hyperref Info: backreferencing OFF on input line 6426.
Package hyperref Info: Link coloring OFF on input line 6431.
Package hyperref Info: Link coloring with OCG OFF on input line 6436.
Package hyperref Info: PDF/A mode OFF on input line 6441.
LaTeX Info: Redefining \ref on input line 6481.
LaTeX Info: Redefining \pageref on input line 6485.
\Hy@abspage=\count279
\c@Item=\count280
\c@Hfootnote=\count281
)
Package hyperref Info: Driver (autodetected): hxetex.
(/usr/share/texlive/texmf-dist/tex/latex/hyperref/hxetex.def
File: hxetex.def 2019/06/12 v6.88h Hyperref driver for XeTeX
(/usr/share/texlive/texmf-dist/tex/generic/oberdiek/stringenc.sty
Package: stringenc 2016/05/16 v1.11 Convert strings between diff. encodings (HO
)
)
\pdfm@box=\box48
\c@Hy@AnnotLevel=\count282
\HyField@AnnotCount=\count283
\Fld@listcount=\count284
\c@bookmark@seq@number=\count285
(/usr/share/texlive/texmf-dist/tex/latex/oberdiek/rerunfilecheck.sty
Package: rerunfilecheck 2016/05/16 v1.8 Rerun checks for auxiliary files (HO)
Package uniquecounter Info: New unique counter `rerunfilecheck' on input line 2
82.
)
\Hy@SectionHShift=\skip52
) (/usr/share/texlive/texmf-dist/tex/latex/oberdiek/bkm-dvipdfm.def
File: bkm-dvipdfm.def 2016/05/17 v1.26 bookmark driver for dvipdfm (HO)
\BKM@id=\count286
)) (/usr/share/texlive/texmf-dist/tex/latex/tools/longtable.sty
Package: longtable 2014/10/28 v4.11 Multi-page Table package (DPC)+ FMi change
\LTleft=\skip53
\LTright=\skip54
\LTpre=\skip55
\LTpost=\skip56
\LTchunksize=\count287
\LTcapwidth=\dimen152
\LT@head=\box49
\LT@firsthead=\box50
\LT@foot=\box51
\LT@lastfoot=\box52
\LT@cols=\count288
\LT@rows=\count289
\c@LT@tables=\count290
\c@LT@chunks=\count291
\LT@p@ftn=\toks22
) (/usr/share/texlive/texmf-dist/tex/latex/booktabs/booktabs.sty
Package: booktabs 2016/04/27 v1.618033 publication quality tables
\heavyrulewidth=\dimen153
\lightrulewidth=\dimen154
\cmidrulewidth=\dimen155
\belowrulesep=\dimen156
\belowbottomsep=\dimen157
\aboverulesep=\dimen158
\abovetopsep=\dimen159
\cmidrulesep=\dimen160
\cmidrulekern=\dimen161
\defaultaddspace=\dimen162
\@cmidla=\count292
\@cmidlb=\count293
\@aboverulesep=\dimen163
\@belowrulesep=\dimen164
\@thisruleclass=\count294
\@lastruleclass=\count295
\@thisrulewidth=\dimen165
) (/usr/share/texlive/texmf-dist/tex/latex/mdwtools/footnote.sty
Package: footnote 1997/01/28 1.13 Save footnotes around boxes
\fn@notes=\box53
\fn@width=\dimen166
) (/usr/share/texlive/texmf-dist/tex/latex/graphics/graphicx.sty
Package: graphicx 2017/06/01 v1.1a Enhanced LaTeX Graphics (DPC,SPQR)
(/usr/share/texlive/texmf-dist/tex/latex/graphics/graphics.sty
Package: graphics 2017/06/25 v1.2c Standard LaTeX Graphics (DPC,SPQR)
(/usr/share/texlive/texmf-dist/tex/latex/graphics/trig.sty
Package: trig 2016/01/03 v1.10 sin cos tan (DPC)
) (/usr/share/texlive/texmf-dist/tex/latex/graphics-cfg/graphics.cfg
File: graphics.cfg 2016/06/04 v1.11 sample graphics configuration
)
Package graphics Info: Driver file: xetex.def on input line 99.
)
\Gin@req@height=\dimen167
\Gin@req@width=\dimen168
) (/usr/share/texlive/texmf-dist/tex/latex/oberdiek/grffile.sty
Package: grffile 2017/06/30 v1.18 Extended file name support for graphics (HO)
Package grffile Info: Option `multidot' is set to `true'.
Package grffile Info: Option `extendedchars' is set to `false'.
Package grffile Info: Option `space' is set to `true'.
Package grffile Info: \Gin@ii of package `graphicx' fixed on input line 494.
) (/usr/share/texlive/texmf-dist/tex/latex/setspace/setspace.sty
Package: setspace 2011/12/19 v6.7a set line spacing
) (/usr/share/texlive/texmf-dist/tex/latex/titling/titling.sty
Package: titling 2009/09/04 v2.1d maketitle typesetting
\thanksmarkwidth=\skip57
\thanksmargin=\skip58
\droptitle=\skip59
) (/usr/share/texlive/texmf-dist/tex/latex/tocbibind/tocbibind.sty
Package: tocbibind 2010/10/13 v1.5k extra ToC listings
Package tocbibind Info: The document has chapter divisions on input line 50.

Package tocbibind Note: Using chapter style headings, unless overridden.

) (/usr/share/texlive/texmf-dist/tex/latex/polyglossia/polyglossia.sty
Package: polyglossia 2019/04/04 v1.44 Alternative to Babel for XeLaTeX and LuaL
aTeX
(/usr/share/texlive/texmf-dist/tex/latex/makecmds/makecmds.sty
Package: makecmds 2009/09/03 v1.0a extra command making commands
) (/usr/share/texlive/texmf-dist/tex/latex/xkeyval/xkeyval.sty
Package: xkeyval 2014/12/03 v2.7a package option processing (HA)
(/usr/share/texlive/texmf-dist/tex/generic/xkeyval/xkeyval.tex (/usr/share/texl
ive/texmf-dist/tex/generic/xkeyval/xkvutils.tex
\XKV@toks=\toks23
\XKV@tempa@toks=\toks24
)
\XKV@depth=\count296
File: xkeyval.tex 2014/12/03 v2.7a key=value parser (HA)
))
\xpg@normalclass=\XeTeXcharclass1
) (/usr/share/texlive/texmf-dist/tex/latex/polyglossia/gloss-spanish.ldf
File: gloss-spanish.ldf polyglossia: module for spanish
)
Package polyglossia Info: Default language is spanish.
(/usr/share/texlive/texmf-dist/tex/latex/natbib/natbib.sty
Package: natbib 2010/09/13 8.31b (PWD, AO)
\bibhang=\skip60
\bibsep=\skip61
LaTeX Info: Redefining \cite on input line 694.
\c@NAT@ctr=\count297
) (./Regulacion.aux)
\openout1 = `Regulacion.aux'.

LaTeX Font Info:    Checking defaults for OML/cmm/m/it on input line 94.
LaTeX Font Info:    ... okay on input line 94.
LaTeX Font Info:    Checking defaults for T1/cmr/m/n on input line 94.
LaTeX Font Info:    ... okay on input line 94.
LaTeX Font Info:    Checking defaults for OT1/cmr/m/n on input line 94.
LaTeX Font Info:    ... okay on input line 94.
LaTeX Font Info:    Checking defaults for OMS/cmsy/m/n on input line 94.
LaTeX Font Info:    ... okay on input line 94.
LaTeX Font Info:    Checking defaults for TU/lmr/m/n on input line 94.
LaTeX Font Info:    ... okay on input line 94.
LaTeX Font Info:    Checking defaults for OMX/cmex/m/n on input line 94.
LaTeX Font Info:    ... okay on input line 94.
LaTeX Font Info:    Checking defaults for U/cmr/m/n on input line 94.
LaTeX Font Info:    ... okay on input line 94.
LaTeX Font Info:    Checking defaults for TS1/cmr/m/n on input line 94.
LaTeX Font Info:    ... okay on input line 94.
LaTeX Font Info:    Checking defaults for PD1/pdf/m/n on input line 94.
LaTeX Font Info:    ... okay on input line 94.
LaTeX Font Info:    Checking defaults for PU/pdf/m/n on input line 94.
LaTeX Font Info:    ... okay on input line 94.
LaTeX Font Info:    Overwriting math alphabet `\mathrm' in version `normal'
(Font)                  OT1/lmr/m/n --> TU/lmr/m/n on input line 94.
LaTeX Font Info:    Overwriting math alphabet `\mathit' in version `normal'
(Font)                  OT1/lmr/m/it --> TU/lmr/m/it on input line 94.
LaTeX Font Info:    Overwriting math alphabet `\mathbf' in version `normal'
(Font)                  OT1/lmr/bx/n --> TU/lmr/bx/n on input line 94.
LaTeX Font Info:    Overwriting math alphabet `\mathsf' in version `normal'
(Font)                  OT1/lmss/m/n --> TU/lmss/m/n on input line 94.
LaTeX Font Info:    Overwriting math alphabet `\mathsf' in version `bold'
(Font)                  OT1/lmss/bx/n --> TU/lmss/bx/n on input line 94.
LaTeX Font Info:    Overwriting math alphabet `\mathtt' in version `normal'
(Font)                  OT1/lmtt/m/n --> TU/lmtt/m/n on input line 94.
LaTeX Font Info:    Overwriting math alphabet `\mathtt' in version `bold'
(Font)                  OT1/lmtt/m/n --> TU/lmtt/bx/n on input line 94.

Package fontspec Info: latinmodern-math scale = 1.


Package fontspec Info: latinmodern-math scale = 1.


Package fontspec Info: latinmodern-math scale = 1.


Package fontspec Info: Font family 'latinmodern-math.otf(0)' created for font
(fontspec)             'latinmodern-math.otf' with options
(fontspec)             [Scale=MatchLowercase,BoldItalicFont={},ItalicFont={},Sm
allCapsFont={},Script=Math,BoldFont={latinmodern-math.otf}].
(fontspec)              
(fontspec)              This font family consists of the following NFSS
(fontspec)             series/shapes:
(fontspec)              
(fontspec)             - 'normal' (m/n) with NFSS spec.:
(fontspec)             <->s*[1]"[latinmodern-math.otf]/OT:script=math;language=
DFLT;"
(fontspec)             - 'small caps'  (m/sc) with NFSS spec.: 
(fontspec)             - 'bold' (bx/n) with NFSS spec.:
(fontspec)             <->s*[1]"[latinmodern-math.otf]/OT:script=math;language=
DFLT;"
(fontspec)             - 'bold small caps'  (bx/sc) with NFSS spec.: 

LaTeX Font Info:    Font shape `TU/latinmodern-math.otf(0)/m/n' will be
(Font)              scaled to size 12.0pt on input line 94.

Package fontspec Info: latinmodern-math scale = 1.


Package fontspec Info: latinmodern-math scale = 1.


Package fontspec Info: latinmodern-math scale = 1.


Package fontspec Info: latinmodern-math scale = 1.


Package fontspec Info: latinmodern-math scale = 1.


Package fontspec Info: Font family 'latinmodern-math.otf(1)' created for font
(fontspec)             'latinmodern-math.otf' with options
(fontspec)             [Scale=MatchLowercase,BoldItalicFont={},ItalicFont={},Sm
allCapsFont={},Script=Math,SizeFeatures={{Size=10.2-},{Size=7.2-10.2,Font=latin
modern-math.otf,Style=MathScript},{Size=-7.2,Font=latinmodern-math.otf,Style=Ma
thScriptScript}},BoldFont={latinmodern-math.otf}].
(fontspec)              
(fontspec)              This font family consists of the following NFSS
(fontspec)             series/shapes:
(fontspec)              
(fontspec)             - 'normal' (m/n) with NFSS spec.:
(fontspec)             <10.2->s*[1]"[latinmodern-math.otf]/OT:script=math;langu
age=DFLT;"<7.2-10.2>s*[1]"[latinmodern-math.otf]/OT:script=math;language=DFLT;+
ssty=0;"<-7.2>s*[1]"[latinmodern-math.otf]/OT:script=math;language=DFLT;+ssty=1
;"
(fontspec)             - 'small caps'  (m/sc) with NFSS spec.: 
(fontspec)             - 'bold' (bx/n) with NFSS spec.:
(fontspec)             <->s*[1]"[latinmodern-math.otf]/OT:script=math;language=
DFLT;"
(fontspec)             - 'bold small caps'  (bx/sc) with NFSS spec.: 

LaTeX Font Info:    Font shape `TU/latinmodern-math.otf(1)/m/n' will be
(Font)              scaled to size 12.0pt on input line 94.
LaTeX Font Info:    Encoding `OT1' has changed to `TU' for symbol font
(Font)              `operators' in the math version `normal' on input line 94.
LaTeX Font Info:    Overwriting symbol font `operators' in version `normal'
(Font)                  OT1/lmr/m/n --> TU/latinmodern-math.otf(1)/m/n on input
 line 94.
LaTeX Font Info:    Encoding `OT1' has changed to `TU' for symbol font
(Font)              `operators' in the math version `bold' on input line 94.
LaTeX Font Info:    Overwriting symbol font `operators' in version `bold'
(Font)                  OT1/lmr/bx/n --> TU/latinmodern-math.otf(1)/bx/n on inp
ut line 94.

Package fontspec Info: latinmodern-math scale = 1.


Package fontspec Info: latinmodern-math scale = 1.0001.


Package fontspec Info: latinmodern-math scale = 1.


Package fontspec Info: latinmodern-math scale = 1.0001.


Package fontspec Info: latinmodern-math scale = 1.


Package fontspec Info: latinmodern-math scale = 1.0001.


Package fontspec Info: latinmodern-math scale = 1.


Package fontspec Info: latinmodern-math scale = 1.0001.


Package fontspec Info: latinmodern-math scale = 1.


Package fontspec Info: latinmodern-math scale = 1.0001.


Package fontspec Info: Font family 'latinmodern-math.otf(2)' created for font
(fontspec)             'latinmodern-math.otf' with options
(fontspec)             [Scale=MatchLowercase,BoldItalicFont={},ItalicFont={},Sm
allCapsFont={},Script=Math,SizeFeatures={{Size=10.2-},{Size=7.2-10.2,Font=latin
modern-math.otf,Style=MathScript},{Size=-7.2,Font=latinmodern-math.otf,Style=Ma
thScriptScript}},BoldFont={latinmodern-math.otf},ScaleAgain=1.0001,FontAdjustme
nt={\fontdimen
(fontspec)             8\font =8.124pt\relax \fontdimen 9\font =4.728pt\relax
(fontspec)             \fontdimen 10\font =5.328pt\relax \fontdimen 11\font
(fontspec)             =8.232pt\relax \fontdimen 12\font =4.14pt\relax
(fontspec)             \fontdimen 13\font =4.356pt\relax \fontdimen 14\font
(fontspec)             =4.356pt\relax \fontdimen 15\font =3.468pt\relax
(fontspec)             \fontdimen 16\font =2.964pt\relax \fontdimen 17\font
(fontspec)             =2.964pt\relax \fontdimen 18\font =3.0pt\relax
(fontspec)             \fontdimen 19\font =2.4pt\relax \fontdimen 22\font
(fontspec)             =3.0pt\relax \fontdimen 20\font =0pt\relax \fontdimen
(fontspec)             21\font =0pt\relax }].
(fontspec)              
(fontspec)              This font family consists of the following NFSS
(fontspec)             series/shapes:
(fontspec)              
(fontspec)             - 'normal' (m/n) with NFSS spec.:
(fontspec)             <10.2->s*[1.0001]"[latinmodern-math.otf]/OT:script=math;
language=DFLT;"<7.2-10.2>s*[1.0001]"[latinmodern-math.otf]/OT:script=math;langu
age=DFLT;+ssty=0;"<-7.2>s*[1.0001]"[latinmodern-math.otf]/OT:script=math;langua
ge=DFLT;+ssty=1;"
(fontspec)             - 'small caps'  (m/sc) with NFSS spec.: 
(fontspec)             and font adjustment code:
(fontspec)             \fontdimen 8\font =8.124pt\relax \fontdimen 9\font
(fontspec)             =4.728pt\relax \fontdimen 10\font =5.328pt\relax
(fontspec)             \fontdimen 11\font =8.232pt\relax \fontdimen 12\font
(fontspec)             =4.14pt\relax \fontdimen 13\font =4.356pt\relax
(fontspec)             \fontdimen 14\font =4.356pt\relax \fontdimen 15\font
(fontspec)             =3.468pt\relax \fontdimen 16\font =2.964pt\relax
(fontspec)             \fontdimen 17\font =2.964pt\relax \fontdimen 18\font
(fontspec)             =3.0pt\relax \fontdimen 19\font =2.4pt\relax \fontdimen
(fontspec)             22\font =3.0pt\relax \fontdimen 20\font =0pt\relax
(fontspec)             \fontdimen 21\font =0pt\relax 
(fontspec)             - 'bold' (bx/n) with NFSS spec.:
(fontspec)             <->s*[1.0001]"[latinmodern-math.otf]/OT:script=math;lang
uage=DFLT;"
(fontspec)             - 'bold small caps'  (bx/sc) with NFSS spec.: 
(fontspec)             and font adjustment code:
(fontspec)             \fontdimen 8\font =8.124pt\relax \fontdimen 9\font
(fontspec)             =4.728pt\relax \fontdimen 10\font =5.328pt\relax
(fontspec)             \fontdimen 11\font =8.232pt\relax \fontdimen 12\font
(fontspec)             =4.14pt\relax \fontdimen 13\font =4.356pt\relax
(fontspec)             \fontdimen 14\font =4.356pt\relax \fontdimen 15\font
(fontspec)             =3.468pt\relax \fontdimen 16\font =2.964pt\relax
(fontspec)             \fontdimen 17\font =2.964pt\relax \fontdimen 18\font
(fontspec)             =3.0pt\relax \fontdimen 19\font =2.4pt\relax \fontdimen
(fontspec)             22\font =3.0pt\relax \fontdimen 20\font =0pt\relax
(fontspec)             \fontdimen 21\font =0pt\relax 

LaTeX Font Info:    Encoding `OMS' has changed to `TU' for symbol font
(Font)              `symbols' in the math version `normal' on input line 94.
LaTeX Font Info:    Overwriting symbol font `symbols' in version `normal'
(Font)                  OMS/lmsy/m/n --> TU/latinmodern-math.otf(2)/m/n on inpu
t line 94.
LaTeX Font Info:    Encoding `OMS' has changed to `TU' for symbol font
(Font)              `symbols' in the math version `bold' on input line 94.
LaTeX Font Info:    Overwriting symbol font `symbols' in version `bold'
(Font)                  OMS/lmsy/b/n --> TU/latinmodern-math.otf(2)/bx/n on inp
ut line 94.

Package fontspec Info: latinmodern-math scale = 1.


Package fontspec Info: latinmodern-math scale = 0.9999.


Package fontspec Info: latinmodern-math scale = 1.


Package fontspec Info: latinmodern-math scale = 0.9999.


Package fontspec Info: latinmodern-math scale = 1.


Package fontspec Info: latinmodern-math scale = 0.9999.


Package fontspec Info: latinmodern-math scale = 1.


Package fontspec Info: latinmodern-math scale = 0.9999.


Package fontspec Info: latinmodern-math scale = 1.


Package fontspec Info: latinmodern-math scale = 0.9999.


Package fontspec Info: Font family 'latinmodern-math.otf(3)' created for font
(fontspec)             'latinmodern-math.otf' with options
(fontspec)             [Scale=MatchLowercase,BoldItalicFont={},ItalicFont={},Sm
allCapsFont={},Script=Math,SizeFeatures={{Size=10.2-},{Size=7.2-10.2,Font=latin
modern-math.otf,Style=MathScript},{Size=-7.2,Font=latinmodern-math.otf,Style=Ma
thScriptScript}},BoldFont={latinmodern-math.otf},ScaleAgain=0.9999,FontAdjustme
nt={\fontdimen
(fontspec)             8\font =0.48pt\relax \fontdimen 9\font =2.4pt\relax
(fontspec)             \fontdimen 10\font =2.004pt\relax \fontdimen 11\font
(fontspec)             =1.332pt\relax \fontdimen 12\font =7.2pt\relax
(fontspec)             \fontdimen 13\font =0pt\relax }].
(fontspec)              
(fontspec)              This font family consists of the following NFSS
(fontspec)             series/shapes:
(fontspec)              
(fontspec)             - 'normal' (m/n) with NFSS spec.:
(fontspec)             <10.2->s*[0.9999]"[latinmodern-math.otf]/OT:script=math;
language=DFLT;"<7.2-10.2>s*[0.9999]"[latinmodern-math.otf]/OT:script=math;langu
age=DFLT;+ssty=0;"<-7.2>s*[0.9999]"[latinmodern-math.otf]/OT:script=math;langua
ge=DFLT;+ssty=1;"
(fontspec)             - 'small caps'  (m/sc) with NFSS spec.: 
(fontspec)             and font adjustment code:
(fontspec)             \fontdimen 8\font =0.48pt\relax \fontdimen 9\font
(fontspec)             =2.4pt\relax \fontdimen 10\font =2.004pt\relax
(fontspec)             \fontdimen 11\font =1.332pt\relax \fontdimen 12\font
(fontspec)             =7.2pt\relax \fontdimen 13\font =0pt\relax 
(fontspec)             - 'bold' (bx/n) with NFSS spec.:
(fontspec)             <->s*[0.9999]"[latinmodern-math.otf]/OT:script=math;lang
uage=DFLT;"
(fontspec)             - 'bold small caps'  (bx/sc) with NFSS spec.: 
(fontspec)             and font adjustment code:
(fontspec)             \fontdimen 8\font =0.48pt\relax \fontdimen 9\font
(fontspec)             =2.4pt\relax \fontdimen 10\font =2.004pt\relax
(fontspec)             \fontdimen 11\font =1.332pt\relax \fontdimen 12\font
(fontspec)             =7.2pt\relax \fontdimen 13\font =0pt\relax 

LaTeX Font Info:    Encoding `OMX' has changed to `TU' for symbol font
(Font)              `largesymbols' in the math version `normal' on input line 9
4.
LaTeX Font Info:    Overwriting symbol font `largesymbols' in version `normal'
(Font)                  OMX/lmex/m/n --> TU/latinmodern-math.otf(3)/m/n on inpu
t line 94.
LaTeX Font Info:    Encoding `OMX' has changed to `TU' for symbol font
(Font)              `largesymbols' in the math version `bold' on input line 94.

LaTeX Font Info:    Overwriting symbol font `largesymbols' in version `bold'
(Font)                  OMX/lmex/m/n --> TU/latinmodern-math.otf(3)/bx/n on inp
ut line 94.
LaTeX Info: Redefining \microtypecontext on input line 94.
Package microtype Info: Character protrusion enabled (level 2).
Package microtype Info: Using protrusion set `basicmath'.
Package microtype Info: No adjustment of tracking.
Package microtype Info: No adjustment of spacing.
Package microtype Info: No adjustment of kerning.
(/usr/share/texlive/texmf-dist/tex/latex/microtype/mt-LatinModernRoman.cfg
File: mt-LatinModernRoman.cfg 2013/03/13 v1.0 microtype config. file: Latin Mod
ern Roman (RS)
)
\AtBeginShipoutBox=\box54
Package hyperref Info: Link coloring OFF on input line 94.
(/usr/share/texlive/texmf-dist/tex/latex/hyperref/nameref.sty
Package: nameref 2016/05/21 v2.44 Cross-referencing by name of section
(/usr/share/texlive/texmf-dist/tex/generic/oberdiek/gettitlestring.sty
Package: gettitlestring 2016/05/16 v1.5 Cleanup title references (HO)
)
\c@section@level=\count298
)
LaTeX Info: Redefining \ref on input line 94.
LaTeX Info: Redefining \pageref on input line 94.
LaTeX Info: Redefining \nameref on input line 94.
LaTeX Font Info:    Font shape `TU/latinmodern-math.otf(1)/m/n' will be
(Font)              scaled to size 14.4pt on input line 96.
LaTeX Font Info:    Font shape `TU/latinmodern-math.otf(1)/m/n' will be
(Font)              scaled to size 10.0pt on input line 96.
LaTeX Font Info:    Font shape `TU/latinmodern-math.otf(1)/m/n' will be
(Font)              scaled to size 7.0pt on input line 96.
LaTeX Font Info:    Try loading font information for OML+lmm on input line 96.
(/usr/share/texlive/texmf-dist/tex/latex/lm/omllmm.fd
File: omllmm.fd 2009/10/30 v1.6 Font defs for Latin Modern
)
LaTeX Font Info:    Font shape `TU/latinmodern-math.otf(2)/m/n' will be
(Font)              scaled to size 14.40152pt on input line 96.
LaTeX Font Info:    Font shape `TU/latinmodern-math.otf(2)/m/n' will be
(Font)              scaled to size 10.00107pt on input line 96.
LaTeX Font Info:    Font shape `TU/latinmodern-math.otf(2)/m/n' will be
(Font)              scaled to size 7.00075pt on input line 96.
LaTeX Font Info:    Font shape `TU/latinmodern-math.otf(3)/m/n' will be
(Font)              scaled to size 14.39845pt on input line 96.
LaTeX Font Info:    Font shape `TU/latinmodern-math.otf(3)/m/n' will be
(Font)              scaled to size 9.99893pt on input line 96.
LaTeX Font Info:    Font shape `TU/latinmodern-math.otf(3)/m/n' will be
(Font)              scaled to size 6.99925pt on input line 96.
LaTeX Font Info:    Try loading font information for U+msa on input line 96.
(/usr/share/texlive/texmf-dist/tex/latex/amsfonts/umsa.fd
File: umsa.fd 2013/01/14 v3.01 AMS symbols A
) (/usr/share/texlive/texmf-dist/tex/latex/microtype/mt-msa.cfg
File: mt-msa.cfg 2006/02/04 v1.1 microtype config. file: AMS symbols (a) (RS)
)
LaTeX Font Info:    Try loading font information for U+msb on input line 96.
(/usr/share/texlive/texmf-dist/tex/latex/amsfonts/umsb.fd
File: umsb.fd 2013/01/14 v3.01 AMS symbols B
) (/usr/share/texlive/texmf-dist/tex/latex/microtype/mt-msb.cfg
File: mt-msb.cfg 2005/06/01 v1.0 microtype config. file: AMS symbols (b) (RS)
) [1



] [2

] [1

] [2

] [3] [4] [5]
Underfull \vbox (badness 10000) has occurred while \output is active []

[6] [7] [8

]
LaTeX Font Info:    Font shape `TU/latinmodern-math.otf(1)/m/n' will be
(Font)              scaled to size 8.4pt on input line 275.
LaTeX Font Info:    Font shape `TU/latinmodern-math.otf(1)/m/n' will be
(Font)              scaled to size 6.0pt on input line 275.
LaTeX Font Info:    Font shape `TU/latinmodern-math.otf(2)/m/n' will be
(Font)              scaled to size 12.00128pt on input line 275.
LaTeX Font Info:    Font shape `TU/latinmodern-math.otf(2)/m/n' will be
(Font)              scaled to size 8.40088pt on input line 275.
LaTeX Font Info:    Font shape `TU/latinmodern-math.otf(2)/m/n' will be
(Font)              scaled to size 6.00064pt on input line 275.
LaTeX Font Info:    Font shape `TU/latinmodern-math.otf(3)/m/n' will be
(Font)              scaled to size 11.99872pt on input line 275.
LaTeX Font Info:    Font shape `TU/latinmodern-math.otf(3)/m/n' will be
(Font)              scaled to size 8.3991pt on input line 275.
LaTeX Font Info:    Font shape `TU/latinmodern-math.otf(3)/m/n' will be
(Font)              scaled to size 5.99936pt on input line 275.
LaTeX Font Info:    Font shape `TU/latinmodern-math.otf(1)/m/n' will be
(Font)              scaled to size 5.0pt on input line 279.
LaTeX Font Info:    Font shape `TU/latinmodern-math.otf(2)/m/n' will be
(Font)              scaled to size 5.00053pt on input line 279.
LaTeX Font Info:    Font shape `TU/latinmodern-math.otf(3)/m/n' will be
(Font)              scaled to size 4.99947pt on input line 279.
[9] [10]
Underfull \hbox (badness 2582) in paragraph at lines 361--366
[]\TU/lmr/bx/n/12 Económicas\TU/lmr/m/n/12 : aquellas que afectan la eficiencia
 asignativa —y
 []


Underfull \hbox (badness 1163) in paragraph at lines 361--366
\TU/lmr/m/n/12 cantidades, el número de competidores, la entrada o salida del
 []

[11] [12] [13] [14] [15] [16] [17] [18] [19] [20] [21]
Underfull \vbox (badness 10000) has occurred while \output is active []

[22] [23] [24] [25] [26]
Underfull \hbox (badness 10000) in paragraph at lines 946--946
[][]\TU/lmr/m/n/10 Véase []$[][][][] [] [] [] [][] [] [][][][][][][][][] [] [][
][] [] [][][][] [] [][][][][] [] [][] [] [][][][][][][][][] [] [][] [] [][][] [
] [][][][][][] [] [][] []
 []

[27] [28]
Overfull \hbox (1.24657pt too wide) in paragraph at lines 1040--1041
\TU/lmr/m/n/12 competencia|  
 []


Overfull \hbox (19.16544pt too wide) in paragraph at lines 1042--1043
[]\TU/lmr/m/n/12 Categorías|  
 []


Overfull \hbox (1.24657pt too wide) in paragraph at lines 1054--1055
\TU/lmr/m/n/12 competencia|  
 []


Overfull \hbox (19.16544pt too wide) in paragraph at lines 1056--1057
[]\TU/lmr/m/n/12 Categorías|  
 []


Overfull \hbox (18.72144pt too wide) in paragraph at lines 1069--1070
[]\TU/lmr/m/n/12 Asignativa|  
 []


Overfull \hbox (21.21744pt too wide) in paragraph at lines 1080--1081
[]\TU/lmr/m/n/12 Productiva|  
 []


Overfull \hbox (13.70543pt too wide) in paragraph at lines 1091--1092
[]\TU/lmr/m/n/12 Dinámica|  
 []

[29] [30] [31] [32] [33] [34] [35

] [36] [37] [38] [39] [40] [41] [42] [43]
Underfull \vbox (badness 10000) has occurred while \output is active []

[44] [45] [46] [47] [48] [49] [50] [51] [52] [53]
Overfull \hbox (47.29207pt too wide) in alignment at lines 1916--1921
 [] [] 
 []


Overfull \hbox (47.29207pt too wide) in alignment at lines 1921--1925
 [] [] 
 []


Overfull \hbox (47.29207pt too wide) in alignment at lines 1925--1933
 [] [] 
 []

[54] [55] [56] [57] [58]
Overfull \hbox (50.74811pt too wide) in alignment at lines 2119--2126
 [] [] [] 
 []


Overfull \hbox (50.74811pt too wide) in alignment at lines 2126--2131
 [] [] [] 
 []


Overfull \hbox (50.74811pt too wide) in alignment at lines 2131--2141
 [] [] [] 
 []

[59] [60] [61] [62]
Underfull \vbox (badness 1975) has occurred while \output is active []

[63] [64] [65] [66

]
LaTeX Font Info:    Font shape `TU/latinmodern-math.otf(1)/m/n' will be
(Font)              scaled to size 24.88pt on input line 2344.
LaTeX Font Info:    Font shape `TU/latinmodern-math.otf(1)/m/n' will be
(Font)              scaled to size 20.74pt on input line 2344.
LaTeX Font Info:    Font shape `TU/latinmodern-math.otf(1)/m/n' will be
(Font)              scaled to size 17.28pt on input line 2344.
LaTeX Font Info:    Font shape `TU/latinmodern-math.otf(2)/m/n' will be
(Font)              scaled to size 24.88266pt on input line 2344.
LaTeX Font Info:    Font shape `TU/latinmodern-math.otf(2)/m/n' will be
(Font)              scaled to size 20.74222pt on input line 2344.
LaTeX Font Info:    Font shape `TU/latinmodern-math.otf(2)/m/n' will be
(Font)              scaled to size 17.28183pt on input line 2344.
LaTeX Font Info:    Font shape `TU/latinmodern-math.otf(3)/m/n' will be
(Font)              scaled to size 24.87733pt on input line 2344.
LaTeX Font Info:    Font shape `TU/latinmodern-math.otf(3)/m/n' will be
(Font)              scaled to size 20.73778pt on input line 2344.
LaTeX Font Info:    Font shape `TU/latinmodern-math.otf(3)/m/n' will be
(Font)              scaled to size 17.27815pt on input line 2344.
[67] [68] [69] [70] [71] [72]
Underfull \vbox (badness 10000) has occurred while \output is active []

[73]
Underfull \vbox (badness 1406) has occurred while \output is active []

[74] [75] [76] [77] [78] [79] [80] [81] [82] [83] [84] [85] [86] [87] [88] [89]
[90] [91] [92] [93] [94] [95] [96] [97] [98] [99]
Underfull \vbox (badness 10000) has occurred while \output is active []

[100] [101] [102] [103] [104]
Underfull \vbox (badness 10000) has occurred while \output is active []

[105]
Overfull \hbox (2.0059pt too wide) in paragraph at lines 3750--3751
[]\TU/lmr/m/n/12 Demanda|  
 []


Overfull \hbox (2.0059pt too wide) in paragraph at lines 3762--3763
[]\TU/lmr/m/n/12 Demanda|  
 []


Overfull \hbox (2.0059pt too wide) in paragraph at lines 3773--3774
[]\TU/lmr/m/n/12 Demanda 
 []


Overfull \hbox (2.0059pt too wide) in paragraph at lines 3782--3783
[]\TU/lmr/m/n/12 Demanda 
 []


Overfull \hbox (1.8979pt too wide) in paragraph at lines 3792--3793
[]\TU/lmr/m/n/12 Mercados 
 []

[106] [107] [108] [109] [110]
Underfull \vbox (badness 10000) has occurred while \output is active []

[111] [112] [113] [114] [115] [116] [117] [118] [119] [120] [121]
Underfull \vbox (badness 6188) has occurred while \output is active []

[122] [123] [124] [125] [126] [127] [128] [129] [130] [131] [132] [133] [134] [
135

]
Overfull \hbox (37.38155pt too wide) has occurred while \output is active
\TU/lmr/m/n/12 136 \TU/lmr/m/sl/12 INSTITUCIONES REGULATORIAS PARA ECONOMÍAS EN
 DESARROLLO
 []

[136] [137]
Overfull \hbox (37.38155pt too wide) has occurred while \output is active
\TU/lmr/m/n/12 138 \TU/lmr/m/sl/12 INSTITUCIONES REGULATORIAS PARA ECONOMÍAS EN
 DESARROLLO
 []

[138] [139]
Overfull \hbox (37.38155pt too wide) has occurred while \output is active
\TU/lmr/m/n/12 140 \TU/lmr/m/sl/12 INSTITUCIONES REGULATORIAS PARA ECONOMÍAS EN
 DESARROLLO
 []

[140] [141]
Overfull \hbox (37.38155pt too wide) has occurred while \output is active
\TU/lmr/m/n/12 142 \TU/lmr/m/sl/12 INSTITUCIONES REGULATORIAS PARA ECONOMÍAS EN
 DESARROLLO
 []

[142] [143]
Underfull \vbox (badness 2189) has occurred while \output is active []


Overfull \hbox (37.38155pt too wide) has occurred while \output is active
\TU/lmr/m/n/12 144 \TU/lmr/m/sl/12 INSTITUCIONES REGULATORIAS PARA ECONOMÍAS EN
 DESARROLLO
 []

[144]
Missing character: There is no λ in font [lmroman12-regular]:mapping=tex-text;!
[145]
Overfull \hbox (37.38155pt too wide) has occurred while \output is active
\TU/lmr/m/n/12 146 \TU/lmr/m/sl/12 INSTITUCIONES REGULATORIAS PARA ECONOMÍAS EN
 DESARROLLO
 []

[146] [147]
Overfull \hbox (37.38155pt too wide) has occurred while \output is active
\TU/lmr/m/n/12 148 \TU/lmr/m/sl/12 INSTITUCIONES REGULATORIAS PARA ECONOMÍAS EN
 DESARROLLO
 []

[148] [149]
Overfull \hbox (37.38155pt too wide) has occurred while \output is active
\TU/lmr/m/n/12 150 \TU/lmr/m/sl/12 INSTITUCIONES REGULATORIAS PARA ECONOMÍAS EN
 DESARROLLO
 []

[150] [151]
Underfull \hbox (badness 10000) in paragraph at lines 5385--5385
[][]\TU/lmr/bx/n/17.28 Regulación en economías en desarrollo:
 []


Overfull \hbox (37.38155pt too wide) has occurred while \output is active
\TU/lmr/m/n/12 152 \TU/lmr/m/sl/12 INSTITUCIONES REGULATORIAS PARA ECONOMÍAS EN
 DESARROLLO
 []

[152]
Overfull \hbox (65.79225pt too wide) has occurred while \output is active
\TU/lmr/m/sl/12 REGULACIÓN EN ECONOMÍAS EN DESARROLLO: DESAFÍOS Y SOLUCIONES \T
U/lmr/m/n/12 153
 []

[153]
Overfull \hbox (37.38155pt too wide) has occurred while \output is active
\TU/lmr/m/n/12 154 \TU/lmr/m/sl/12 INSTITUCIONES REGULATORIAS PARA ECONOMÍAS EN
 DESARROLLO
 []

[154]
Overfull \hbox (65.79225pt too wide) has occurred while \output is active
\TU/lmr/m/sl/12 REGULACIÓN EN ECONOMÍAS EN DESARROLLO: DESAFÍOS Y SOLUCIONES \T
U/lmr/m/n/12 155
 []

[155]
Overfull \hbox (37.38155pt too wide) has occurred while \output is active
\TU/lmr/m/n/12 156 \TU/lmr/m/sl/12 INSTITUCIONES REGULATORIAS PARA ECONOMÍAS EN
 DESARROLLO
 []

[156]
Overfull \hbox (65.79225pt too wide) has occurred while \output is active
\TU/lmr/m/sl/12 REGULACIÓN EN ECONOMÍAS EN DESARROLLO: DESAFÍOS Y SOLUCIONES \T
U/lmr/m/n/12 157
 []

[157]
Overfull \hbox (37.38155pt too wide) has occurred while \output is active
\TU/lmr/m/n/12 158 \TU/lmr/m/sl/12 INSTITUCIONES REGULATORIAS PARA ECONOMÍAS EN
 DESARROLLO
 []

[158]
Overfull \hbox (65.79225pt too wide) has occurred while \output is active
\TU/lmr/m/sl/12 REGULACIÓN EN ECONOMÍAS EN DESARROLLO: DESAFÍOS Y SOLUCIONES \T
U/lmr/m/n/12 159
 []

[159]
Overfull \hbox (37.38155pt too wide) has occurred while \output is active
\TU/lmr/m/n/12 160 \TU/lmr/m/sl/12 INSTITUCIONES REGULATORIAS PARA ECONOMÍAS EN
 DESARROLLO
 []

[160]
Overfull \hbox (65.79225pt too wide) has occurred while \output is active
\TU/lmr/m/sl/12 REGULACIÓN EN ECONOMÍAS EN DESARROLLO: DESAFÍOS Y SOLUCIONES \T
U/lmr/m/n/12 161
 []

[161]
Overfull \hbox (37.38155pt too wide) has occurred while \output is active
\TU/lmr/m/n/12 162 \TU/lmr/m/sl/12 INSTITUCIONES REGULATORIAS PARA ECONOMÍAS EN
 DESARROLLO
 []

[162]
Overfull \hbox (65.79225pt too wide) has occurred while \output is active
\TU/lmr/m/sl/12 REGULACIÓN EN ECONOMÍAS EN DESARROLLO: DESAFÍOS Y SOLUCIONES \T
U/lmr/m/n/12 163
 []

[163]
Overfull \hbox (37.38155pt too wide) has occurred while \output is active
\TU/lmr/m/n/12 164 \TU/lmr/m/sl/12 INSTITUCIONES REGULATORIAS PARA ECONOMÍAS EN
 DESARROLLO
 []

[164]
Overfull \hbox (65.79225pt too wide) has occurred while \output is active
\TU/lmr/m/sl/12 REGULACIÓN EN ECONOMÍAS EN DESARROLLO: DESAFÍOS Y SOLUCIONES \T
U/lmr/m/n/12 165
 []

[165]
Overfull \hbox (37.38155pt too wide) has occurred while \output is active
\TU/lmr/m/n/12 166 \TU/lmr/m/sl/12 INSTITUCIONES REGULATORIAS PARA ECONOMÍAS EN
 DESARROLLO
 []

[166]
Underfull \vbox (badness 10000) has occurred while \output is active []


Overfull \hbox (65.79225pt too wide) has occurred while \output is active
\TU/lmr/m/sl/12 REGULACIÓN EN ECONOMÍAS EN DESARROLLO: DESAFÍOS Y SOLUCIONES \T
U/lmr/m/n/12 167
 []

[167]
Overfull \hbox (37.38155pt too wide) has occurred while \output is active
\TU/lmr/m/n/12 168 \TU/lmr/m/sl/12 INSTITUCIONES REGULATORIAS PARA ECONOMÍAS EN
 DESARROLLO
 []

[168]
Overfull \hbox (65.79225pt too wide) has occurred while \output is active
\TU/lmr/m/sl/12 REGULACIÓN EN ECONOMÍAS EN DESARROLLO: DESAFÍOS Y SOLUCIONES \T
U/lmr/m/n/12 169
 []

[169]
Underfull \vbox (badness 1975) has occurred while \output is active []


Overfull \hbox (37.38155pt too wide) has occurred while \output is active
\TU/lmr/m/n/12 170 \TU/lmr/m/sl/12 INSTITUCIONES REGULATORIAS PARA ECONOMÍAS EN
 DESARROLLO
 []

[170]
Overfull \hbox (65.79225pt too wide) has occurred while \output is active
\TU/lmr/m/sl/12 REGULACIÓN EN ECONOMÍAS EN DESARROLLO: DESAFÍOS Y SOLUCIONES \T
U/lmr/m/n/12 171
 []

[171]
Overfull \hbox (37.38155pt too wide) has occurred while \output is active
\TU/lmr/m/n/12 172 \TU/lmr/m/sl/12 INSTITUCIONES REGULATORIAS PARA ECONOMÍAS EN
 DESARROLLO
 []

[172]
Overfull \hbox (65.79225pt too wide) has occurred while \output is active
\TU/lmr/m/sl/12 REGULACIÓN EN ECONOMÍAS EN DESARROLLO: DESAFÍOS Y SOLUCIONES \T
U/lmr/m/n/12 173
 []

[173]
Overfull \hbox (37.38155pt too wide) has occurred while \output is active
\TU/lmr/m/n/12 174 \TU/lmr/m/sl/12 INSTITUCIONES REGULATORIAS PARA ECONOMÍAS EN
 DESARROLLO
 []

[174]
Underfull \vbox (badness 10000) has occurred while \output is active []


Overfull \hbox (65.79225pt too wide) has occurred while \output is active
\TU/lmr/m/sl/12 REGULACIÓN EN ECONOMÍAS EN DESARROLLO: DESAFÍOS Y SOLUCIONES \T
U/lmr/m/n/12 175
 []

[175]
Underfull \vbox (badness 1394) has occurred while \output is active []


Overfull \hbox (37.38155pt too wide) has occurred while \output is active
\TU/lmr/m/n/12 176 \TU/lmr/m/sl/12 INSTITUCIONES REGULATORIAS PARA ECONOMÍAS EN
 DESARROLLO
 []

[176] [177]
Overfull \hbox (37.38155pt too wide) has occurred while \output is active
\TU/lmr/m/n/12 178 \TU/lmr/m/sl/12 INSTITUCIONES REGULATORIAS PARA ECONOMÍAS EN
 DESARROLLO
 []

[178] [179]
Overfull \hbox (37.38155pt too wide) has occurred while \output is active
\TU/lmr/m/n/12 180 \TU/lmr/m/sl/12 INSTITUCIONES REGULATORIAS PARA ECONOMÍAS EN
 DESARROLLO
 []

[180

]
Underfull \vbox (badness 10000) has occurred while \output is active []

[181]
File: Regulacion_files/figure-latex/fig1-1.pdf Graphic file (type pdf)
<use Regulacion_files/figure-latex/fig1-1.pdf>

Underfull \vbox (badness 1365) has occurred while \output is active []

[182] [183]
File: Regulacion_files/figure-latex/fig2-1.pdf Graphic file (type pdf)
<use Regulacion_files/figure-latex/fig2-1.pdf>
[184] [185]
Underfull \vbox (badness 1540) has occurred while \output is active []

[186] [187] [188] [189] [190] [191] [192] [193] [194]
Overfull \hbox (29.25609pt too wide) in alignment at lines 6830--6835
 [] [] [] 
 []


Overfull \hbox (29.25609pt too wide) in alignment at lines 6835--6839
 [] [] [] 
 []


Overfull \hbox (29.25609pt too wide) in alignment at lines 6839--6848
 [] [] [] 
 []

[195] [196] [197] [198] [199] [200] [201] [202] [203] [204] [205] [206] [207

] [208] [209] [210] [211] [212] [213] [214] [215]
File: imagenes/fig5.jpg Graphic file (type bmp)
<imagenes/fig5.jpg>
[216] [217] [218] [219] [220] [221]
File: Regulacion_files/figure-latex/fig3-1.pdf Graphic file (type pdf)
<use Regulacion_files/figure-latex/fig3-1.pdf>

Underfull \hbox (badness 10000) in paragraph at lines 7766--7770

 []

File: Regulacion_files/figure-latex/fig4-1.pdf Graphic file (type pdf)
<use Regulacion_files/figure-latex/fig4-1.pdf>
[222]
Overfull \hbox (9.91896pt too wide) has occurred while \output is active
\TU/lmr/m/sl/12 PANORAMA ACTUAL DE LAS EMPRESAS PÚBLICAS EN URUGUAY \TU/lmr/m/n
/12 223
 []

[223] [224]
Overfull \hbox (1.94281pt too wide) in paragraph at lines 7806--7807
[]\TU/lmr/m/n/12 País|  
 []


Overfull \hbox (114.75458pt too wide) in paragraph at lines 7814--7815
 \TU/lmr/m/n/12 (U$[][][][][][][][][][][][][][][][][][][][][][][][]$S
 []


Overfull \hbox (1.94281pt too wide) in paragraph at lines 7822--7823
[]\TU/lmr/m/n/12 País|  
 []


Overfull \hbox (114.75458pt too wide) in paragraph at lines 7830--7831
 \TU/lmr/m/n/12 (U$[][][][][][][][][][][][][][][][][][][][][][][][]$S
 []


Overfull \hbox (30.98282pt too wide) in paragraph at lines 7837--7838
[]\TU/lmr/m/n/12 Argentina|  
 []


Overfull \hbox (16.57082pt too wide) in paragraph at lines 7850--7851
[]\TU/lmr/m/n/12 Bolivia|  
 []


Overfull \hbox (10.4268pt too wide) in paragraph at lines 7863--7864
[]\TU/lmr/m/n/12 Brasil|  
 []


Overfull \hbox (7.2588pt too wide) in paragraph at lines 7876--7877
[]\TU/lmr/m/n/12 Chile|  
 []


Overfull \hbox (29.1468pt too wide) in paragraph at lines 7889--7890
[]\TU/lmr/m/n/12 Colombia|  
 []


Overfull \hbox (23.09882pt too wide) in paragraph at lines 7902--7903
[]\TU/lmr/m/n/12 Ecuador|  
 []


Overfull \hbox (17.05081pt too wide) in paragraph at lines 7915--7916
[]\TU/lmr/m/n/12 México|  
 []


Overfull \hbox (28.66681pt too wide) in paragraph at lines 7928--7929
[]\TU/lmr/m/n/12 Paraguay|  
 []


Overfull \hbox (4.48682pt too wide) in paragraph at lines 7941--7942
[]\TU/lmr/m/n/12 Perú|  
 []


Overfull \hbox (24.57481pt too wide) in paragraph at lines 7954--7955
[]\TU/lmr/m/n/12 Uruguay|  
 []


Overfull \hbox (30.95882pt too wide) in paragraph at lines 7967--7968
[]\TU/lmr/m/n/12 Venezuela|  
 []


Overfull \hbox (6.10681pt too wide) in paragraph at lines 7980--7981
[]\TU/lmr/m/n/12 EUA|  
 []


Overfull \hbox (19.67882pt too wide) in paragraph at lines 7993--7994
[]\TU/lmr/m/n/12 Canadá|  
 []


Overfull \hbox (9.91896pt too wide) has occurred while \output is active
\TU/lmr/m/sl/12 PANORAMA ACTUAL DE LAS EMPRESAS PÚBLICAS EN URUGUAY \TU/lmr/m/n
/12 225
 []

[225]
Overfull \hbox (12.97034pt too wide) in paragraph at lines 8041--8042
 []\TU/lmr/m/n/12 Año|
 []


Overfull \hbox (12.97034pt too wide) in paragraph at lines 8057--8058
 []\TU/lmr/m/n/12 Año|
 []


Overfull \hbox (15.41833pt too wide) in paragraph at lines 8072--8073
 []\TU/lmr/m/n/12 2008|
 []


Overfull \hbox (15.41833pt too wide) in paragraph at lines 8085--8086
 []\TU/lmr/m/n/12 2009|
 []


Overfull \hbox (15.41833pt too wide) in paragraph at lines 8098--8099
 []\TU/lmr/m/n/12 2010|
 []


Overfull \hbox (15.41833pt too wide) in paragraph at lines 8111--8112
 []\TU/lmr/m/n/12 2011|
 []


Overfull \hbox (15.41833pt too wide) in paragraph at lines 8124--8125
 []\TU/lmr/m/n/12 2012|
 []


Overfull \hbox (15.41833pt too wide) in paragraph at lines 8137--8138
 []\TU/lmr/m/n/12 2013|
 []


Overfull \hbox (15.41833pt too wide) in paragraph at lines 8150--8151
 []\TU/lmr/m/n/12 2014|
 []


Overfull \hbox (15.41833pt too wide) in paragraph at lines 8163--8164
 []\TU/lmr/m/n/12 2015|
 []


Overfull \hbox (15.41833pt too wide) in paragraph at lines 8176--8177
 []\TU/lmr/m/n/12 2016|
 []


Overfull \hbox (15.41833pt too wide) in paragraph at lines 8189--8190
 []\TU/lmr/m/n/12 2017|
 []


Overfull \hbox (15.41833pt too wide) in paragraph at lines 8202--8203
 []\TU/lmr/m/n/12 2018|
 []

[226]
Overfull \hbox (9.91896pt too wide) has occurred while \output is active
\TU/lmr/m/sl/12 PANORAMA ACTUAL DE LAS EMPRESAS PÚBLICAS EN URUGUAY \TU/lmr/m/n
/12 227
 []

[227] [228]
File: Regulacion_files/figure-latex/fig6-1.pdf Graphic file (type pdf)
<use Regulacion_files/figure-latex/fig6-1.pdf>

Overfull \hbox (9.91896pt too wide) has occurred while \output is active
\TU/lmr/m/sl/12 PANORAMA ACTUAL DE LAS EMPRESAS PÚBLICAS EN URUGUAY \TU/lmr/m/n
/12 229
 []

[229] [230]
Underfull \vbox (badness 10000) has occurred while \output is active []


Overfull \hbox (9.91896pt too wide) has occurred while \output is active
\TU/lmr/m/sl/12 PANORAMA ACTUAL DE LAS EMPRESAS PÚBLICAS EN URUGUAY \TU/lmr/m/n
/12 231
 []

[231] [232]
Overfull \hbox (9.91896pt too wide) has occurred while \output is active
\TU/lmr/m/sl/12 PANORAMA ACTUAL DE LAS EMPRESAS PÚBLICAS EN URUGUAY \TU/lmr/m/n
/12 233
 []

[233]
Overfull \hbox (54.04803pt too wide) in alignment at lines 8433--8440
 [] [] [] [] [] 
 []


Overfull \hbox (54.04803pt too wide) in alignment at lines 8440--8445
 [] [] [] [] [] 
 []


Overfull \hbox (54.04803pt too wide) in alignment at lines 8445--8459
 [] [] [] [] [] 
 []

[234]
Overfull \hbox (48.58566pt too wide) has occurred while \output is active
\TU/lmr/m/sl/12 EL MARCO INSTITUCIONAL DE LAS EMPRESAS PÚBLICAS EN URUGUAY \TU/
lmr/m/n/12 235
 []

[235] [236]
Overfull \hbox (48.58566pt too wide) has occurred while \output is active
\TU/lmr/m/sl/12 EL MARCO INSTITUCIONAL DE LAS EMPRESAS PÚBLICAS EN URUGUAY \TU/
lmr/m/n/12 237
 []

[237] [238]
Overfull \hbox (48.58566pt too wide) has occurred while \output is active
\TU/lmr/m/sl/12 EL MARCO INSTITUCIONAL DE LAS EMPRESAS PÚBLICAS EN URUGUAY \TU/
lmr/m/n/12 239
 []

[239] [240] [241] [242] [243] [244] [245] [246] [247] [248] [249] [250] [251] [
252] [253] [254] [255] [256] [257] [258

] (./Regulacion.bbl [259

]
Underfull \vbox (badness 1043) has occurred while \output is active []

[260] [261] [262] [263]
Underfull \hbox (badness 3579) in paragraph at lines 256--258
[]\TU/lmr/m/sc/12 Hart, O. \TU/lmr/m/n/12 (1995): \TU/lmr/m/it/12 Firms, Contra
cts, and Financial Structure\TU/lmr/m/n/12 , no.
 []

[264] [265] [266] [267] [268] [269])
Package atveryend Info: Empty hook `BeforeClearDocument' on input line 9369.
[270]
Package atveryend Info: Empty hook `AfterLastShipout' on input line 9369.
(./Regulacion.aux)
Package atveryend Info: Empty hook `AtVeryEndDocument' on input line 9369.
Package atveryend Info: Empty hook `AtEndAfterFileList' on input line 9369.

LaTeX Warning: Label(s) may have changed. Rerun to get cross-references right.

 ) 
Here is how much of TeX's memory you used:
 28859 strings out of 494880
 528894 string characters out of 6176543
 761789 words of memory out of 5000000
 32483 multiletter control sequences out of 15000+600000
 542616 words of font info for 106 fonts, out of 8000000 for 9000
 14 hyphenation exceptions out of 8191
 57i,8n,115p,809b,655s stack positions out of 5000i,500n,10000p,200000b,80000s

Output written on Regulacion.pdf (272 pages).
